<?xml version="1.0" encoding="UTF-8"?>
<testsuite name="com.pichincha.bookin.BookinApplicationTests" tests="1" skipped="0" failures="0" errors="0" timestamp="2023-03-10T15:14:07" hostname="dell-datapia" time="0.27">
  <properties/>
  <testcase name="contextLoads()" classname="com.pichincha.bookin.BookinApplicationTests" time="0.27"/>
  <system-out><![CDATA[10:14:04.675 [Test worker] DEBUG org.springframework.boot.test.context.SpringBootTestContextBootstrapper - Neither @ContextConfiguration nor @ContextHierarchy found for test class [BookinApplicationTests]: using SpringBootContextLoader
10:14:04.680 [Test worker] DEBUG org.springframework.test.context.support.AbstractContextLoader - Could not detect default resource locations for test class [com.pichincha.bookin.BookinApplicationTests]: no resource found for suffixes {-context.xml, Context.groovy}.
10:14:04.681 [Test worker] INFO org.springframework.test.context.support.AnnotationConfigContextLoaderUtils - Could not detect default configuration classes for test class [com.pichincha.bookin.BookinApplicationTests]: BookinApplicationTests does not declare any static, non-private, non-final, nested classes annotated with @Configuration.
10:14:04.700 [Test worker] DEBUG org.springframework.boot.test.context.SpringBootTestContextBootstrapper - Using ContextCustomizers for test class [BookinApplicationTests]: [DisableObservabilityContextCustomizer, PropertyMappingContextCustomizer, Customizer, ExcludeFilterContextCustomizer, DuplicateJsonObjectContextCustomizer, MockitoContextCustomizer, TestRestTemplateContextCustomizer]
10:14:04.766 [Test worker] DEBUG org.springframework.context.annotation.ClassPathScanningCandidateComponentProvider - Identified candidate component class: file [/home/diegogarcia/Downloads/bookin/build/classes/java/main/com/pichincha/bookin/BookinApplication.class]
10:14:04.768 [Test worker] INFO org.springframework.boot.test.context.SpringBootTestContextBootstrapper - Found @SpringBootConfiguration com.pichincha.bookin.BookinApplication for test class com.pichincha.bookin.BookinApplicationTests
10:14:04.857 [Test worker] DEBUG org.springframework.boot.test.context.SpringBootTestContextBootstrapper - Using TestExecutionListeners for test class [BookinApplicationTests]: [ServletTestExecutionListener, DirtiesContextBeforeModesTestExecutionListener, ApplicationEventsTestExecutionListener, MockitoTestExecutionListener, DependencyInjectionTestExecutionListener, DirtiesContextTestExecutionListener, TransactionalTestExecutionListener, SqlScriptsTestExecutionListener, EventPublishingTestExecutionListener, RestDocsTestExecutionListener, MockRestServiceServerResetTestExecutionListener, MockMvcPrintOnlyOnFailureTestExecutionListener, WebDriverTestExecutionListener, MockWebServiceServerTestExecutionListener, ResetMocksTestExecutionListener]
10:14:04.859 [Test worker] DEBUG org.springframework.test.context.support.AbstractDirtiesContextTestExecutionListener - Before test class: class [BookinApplicationTests], class annotated with @DirtiesContext [false] with mode [null]

  .   ____          _            __ _ _
 /\\ / ___'_ __ _ _(_)_ __  __ _ \ \ \ \
( ( )\___ | '_ | '_| | '_ \/ _` | \ \ \ \
 \\/  ___)| |_)| | | | | || (_| |  ) ) ) )
  '  |____| .__|_| |_|_| |_\__, | / / / /
 =========|_|==============|___/=/_/_/_/
 :: Spring Boot ::                (v3.0.4)

2023-03-10T10:14:05.218-05:00  INFO 34033 --- [    Test worker] c.p.bookin.BookinApplicationTests        : Starting BookinApplicationTests using Java 17.0.6 with PID 34033 (started by diegogarcia in /home/diegogarcia/Downloads/bookin)
2023-03-10T10:14:05.220-05:00  INFO 34033 --- [    Test worker] c.p.bookin.BookinApplicationTests        : No active profile set, falling back to 1 default profile: "default"
2023-03-10T10:14:05.845-05:00  INFO 34033 --- [    Test worker] .s.d.r.c.RepositoryConfigurationDelegate : Bootstrapping Spring Data JPA repositories in DEFAULT mode.
2023-03-10T10:14:05.862-05:00  INFO 34033 --- [    Test worker] .s.d.r.c.RepositoryConfigurationDelegate : Finished Spring Data repository scanning in 10 ms. Found 0 JPA repository interfaces.
2023-03-10T10:14:06.274-05:00  INFO 34033 --- [    Test worker] com.zaxxer.hikari.HikariDataSource       : HikariPool-1 - Starting...
2023-03-10T10:14:06.413-05:00  INFO 34033 --- [    Test worker] com.zaxxer.hikari.pool.HikariPool        : HikariPool-1 - Added connection conn0: url=jdbc:h2:mem:4311cb4a-9945-4251-a21e-84c371a4d91d user=SA
2023-03-10T10:14:06.415-05:00  INFO 34033 --- [    Test worker] com.zaxxer.hikari.HikariDataSource       : HikariPool-1 - Start completed.
2023-03-10T10:14:06.497-05:00  INFO 34033 --- [    Test worker] o.hibernate.jpa.internal.util.LogHelper  : HHH000204: Processing PersistenceUnitInfo [name: default]
2023-03-10T10:14:06.533-05:00  INFO 34033 --- [    Test worker] org.hibernate.Version                    : HHH000412: Hibernate ORM core version 6.1.7.Final
2023-03-10T10:14:06.803-05:00  INFO 34033 --- [    Test worker] SQL dialect                              : HHH000400: Using dialect: org.hibernate.dialect.H2Dialect
2023-03-10T10:14:07.009-05:00  INFO 34033 --- [    Test worker] o.h.e.t.j.p.i.JtaPlatformInitiator       : HHH000490: Using JtaPlatform implementation: [org.hibernate.engine.transaction.jta.platform.internal.NoJtaPlatform]
2023-03-10T10:14:07.017-05:00  INFO 34033 --- [    Test worker] j.LocalContainerEntityManagerFactoryBean : Initialized JPA EntityManagerFactory for persistence unit 'default'
2023-03-10T10:14:07.212-05:00  WARN 34033 --- [    Test worker] JpaBaseConfiguration$JpaWebConfiguration : spring.jpa.open-in-view is enabled by default. Therefore, database queries may be performed during view rendering. Explicitly configure spring.jpa.open-in-view to disable this warning
2023-03-10T10:14:07.707-05:00  INFO 34033 --- [    Test worker] c.p.bookin.BookinApplicationTests        : Started BookinApplicationTests in 2.806 seconds (process running for 3.799)
]]></system-out>
  <system-err><![CDATA[]]></system-err>
</testsuite>
